31522
474 489
465 470
461 478
453 467
449 460
436 490
431 500
429 457
421 492
419 442
394 473
391 452
385 488
378 381
376 388
373 427
371 454
370 464
364 455
355 368
347 362
345 414
344 445
336 386
333 403
331 434
327 448
326 399
325 350
317 367
316 487
315 334
313 314
309 412
307 415
304 353
299 451
295 462
293 392
292 417
291 363
288 379
284 410
278 428
276 297
271 463
270 456
269 481
260 450
257 342
256 485
253 416
252 424
250 499
248 411
247 339
246 341
244 249
243 280
242 255
241 443
240 469
239 267
238 482
236 279
234 349
232 259
231 277
229 444
228 245
227 352
226 233
225 387
221 382
218 423
217 354
215 219
213 496
212 265
211 437
208 311
205 366
203 308
201 486
200 312
197 224
196 383
194 251
187 235
186 433
185 285
184 498
183 393
182 472
181 404
180 357
179 359
178 426
176 274
175 198
173 268
172 177
171 193
168 261
167 480
164 430
161 322
159 281
158 283
157 286
156 406
155 351
154 372
153 422
152 405
150 375
147 435
146 365
145 329
144 149
143 230
141 210
139 459
137 306
136 374
135 275
134 425
133 468
131 396
130 358
129 390
128 407
127 140
126 479
125 471
124 195
123 223
122 384
121 272
120 204
119 209
118 138
117 440
116 282
115 343
112 338
111 290
110 446
109 174
108 302
107 294
105 287
104 395
103 337
102 162
101 114
100 413
99 169
98 190
97 491
96 408
95 142
94 477
93 494
92 189
91 438
90 319
88 289
87 330
85 199
84 318
83 420
82 188
81 216
79 332
78 356
77 361
76 458
75 439
74 86
73 305
72 398
71 360
70 476
69 298
68 132
66 214
65 166
64 401
63 165
62 254
61 380
60 258
59 323
57 418
56 310
55 191
54 80
53 296
52 264
51 320
50 321
49 466
48 377
47 335
46 89
45 402
44 106
43 432
42 207
41 148
40 220
39 369
38 202
37 447
36 300
35 397
34 113
33 273
32 237
31 192
30 301
28 58
27 493
26 266
25 484
24 483
23 328
22 324
21 263
20 409
19 495
18 160
17 441
16 151
15 475
14 400
13 340
12 262
11 222
10 303
9 29
8 389
7 346
6 348
5 206
4 163
3 170
2 67
1 497
